<?xml version="1.0" encoding="UTF-8"?>
<!-- Generated by org.testng.reporters.JUnitXMLReporter -->
<testsuite hostname="ATMECSINDT-049" name="Test" tests="4" failures="1" timestamp="13 Aug 2014 07:40:24 GMT" time="0.179" errors="0">
  <testcase name="test2" time="0.013" classname="com.atmecs.com.atmecs.ReportCreator.TestClass"/>
  <testcase name="test3" time="0.002" classname="com.atmecs.com.atmecs.ReportCreator.TestClass">
    <failure type="java.lang.AssertionError" message="expected [0] but found [1]">
      <![CDATA[java.lang.AssertionError: expected [0] but found [1]
	at com.atmecs.com.atmecs.ReportCreator.TestClass.test3(TestClass.java:27)
... Removed 32 stack frames]]>
    </failure>
  </testcase> <!-- test3 -->
  <testcase name="test4" time="0.0" classname="com.atmecs.com.atmecs.ReportCreator.TestClass"/>
  <testcase name="testmethod" time="0.001" classname="com.atmecs.com.atmecs.ReportCreator.TestClass"/>
</testsuite> <!-- Test -->
